app/build/intermediates/manifest_merge_blame_file/debug/manifest-merger-blame-debug-report.txt
1<?xml version="1.0" encoding="utf-8"?>
2<manifest xmlns:android="http://schemas.android.com/apk/res/android"
3    package="com.example.invasivespeciesdetection"
4    android:versionCode="1"
5    android:versionName="1.0" >
6
7    <uses-sdk
8        android:minSdkVersion="21"
9        android:targetSdkVersion="32" />
10
11    <uses-feature
11-->src\main\AndroidManifest.xml:6:5-8:36
12        android:name="android.hardware.camera"
12-->src\main\AndroidManifest.xml:7:9-47
13        android:required="false" />
13-->src\main\AndroidManifest.xml:8:9-33
14
15    <uses-permission android:name="android.permission.CAMERA" />
15-->src\main\AndroidManifest.xml:9:5-64
15-->src\main\AndroidManifest.xml:9:22-62
16    <uses-permission android:name="android.permission.INTERNET" />
16-->src\main\AndroidManifest.xml:10:5-67
16-->src\main\AndroidManifest.xml:10:22-64
17
18    <permission
18-->[androidx.core:core:1.12.0] AndroidManifest.xml:22:5-24:47
19        android:name="com.example.invasivespeciesdetection.DYNAMIC_RECEIVER_NOT_EXPORTED_PERMISSION"
19-->[androidx.core:core:1.12.0] AndroidManifest.xml:23:9-81
20        android:protectionLevel="signature" />
20-->[androidx.core:core:1.12.0] AndroidManifest.xml:24:9-44
21
22    <uses-permission android:name="com.example.invasivespeciesdetection.DYNAMIC_RECEIVER_NOT_EXPORTED_PERMISSION" />
22-->[androidx.core:core:1.12.0] AndroidManifest.xml:26:5-97
22-->[androidx.core:core:1.12.0] AndroidManifest.xml:26:22-94
23
24    <application
24-->src\main\AndroidManifest.xml:12:5-58:19
25        android:allowBackup="true"
25-->src\main\AndroidManifest.xml:13:9-35
26        android:appComponentFactory="androidx.core.app.CoreComponentFactory"
26-->[androidx.core:core:1.12.0] AndroidManifest.xml:28:18-86
27        android:dataExtractionRules="@xml/data_extraction_rules"
27-->src\main\AndroidManifest.xml:14:9-65
28        android:debuggable="true"
29        android:extractNativeLibs="true"
30        android:fullBackupContent="@xml/backup_rules"
30-->src\main\AndroidManifest.xml:15:9-54
31        android:icon="@mipmap/ic_launcher"
31-->src\main\AndroidManifest.xml:16:9-43
32        android:label="@string/app_name"
32-->src\main\AndroidManifest.xml:17:9-41
33        android:roundIcon="@mipmap/ic_launcher_round"
33-->src\main\AndroidManifest.xml:18:9-54
34        android:supportsRtl="true"
34-->src\main\AndroidManifest.xml:19:9-35
35        android:testOnly="true"
36        android:theme="@style/Theme.InvasiveSpeciesDetection" >
36-->src\main\AndroidManifest.xml:20:9-62
37        <activity
37-->src\main\AndroidManifest.xml:22:9-30:20
38            android:name="com.example.invasivespeciesdetection.MainActivity"
38-->src\main\AndroidManifest.xml:23:13-41
39            android:exported="true" >
39-->src\main\AndroidManifest.xml:24:13-36
40            <intent-filter>
40-->src\main\AndroidManifest.xml:25:13-29:29
41                <action android:name="android.intent.action.MAIN" />
41-->src\main\AndroidManifest.xml:26:17-69
41-->src\main\AndroidManifest.xml:26:25-66
42
43                <category android:name="android.intent.category.LAUNCHER" />
43-->src\main\AndroidManifest.xml:28:17-77
43-->src\main\AndroidManifest.xml:28:27-74
44            </intent-filter>
45        </activity>
46        <activity
46-->src\main\AndroidManifest.xml:31:9-39:20
47            android:name="com.example.invasivespeciesdetection.PopupActivity"
47-->src\main\AndroidManifest.xml:32:13-42
48            android:exported="true" >
48-->src\main\AndroidManifest.xml:33:13-36
49            <intent-filter>
49-->src\main\AndroidManifest.xml:25:13-29:29
50                <action android:name="android.intent.action.MAIN" />
50-->src\main\AndroidManifest.xml:26:17-69
50-->src\main\AndroidManifest.xml:26:25-66
51
52                <category android:name="android.intent.category.LAUNCHER" />
52-->src\main\AndroidManifest.xml:28:17-77
52-->src\main\AndroidManifest.xml:28:27-74
53            </intent-filter>
54        </activity>
55        <activity
55-->src\main\AndroidManifest.xml:40:9-48:20
56            android:name="com.example.invasivespeciesdetection.HealthActivity"
56-->src\main\AndroidManifest.xml:41:13-43
57            android:exported="true" >
57-->src\main\AndroidManifest.xml:42:13-36
58            <intent-filter>
58-->src\main\AndroidManifest.xml:25:13-29:29
59                <action android:name="android.intent.action.MAIN" />
59-->src\main\AndroidManifest.xml:26:17-69
59-->src\main\AndroidManifest.xml:26:25-66
60
61                <category android:name="android.intent.category.LAUNCHER" />
61-->src\main\AndroidManifest.xml:28:17-77
61-->src\main\AndroidManifest.xml:28:27-74
62            </intent-filter>
63        </activity>
64        <activity
64-->src\main\AndroidManifest.xml:49:9-57:20
65            android:name="com.example.invasivespeciesdetection.PopupHealthActivity"
65-->src\main\AndroidManifest.xml:50:13-48
66            android:exported="true" >
66-->src\main\AndroidManifest.xml:51:13-36
67            <intent-filter>
67-->src\main\AndroidManifest.xml:25:13-29:29
68                <action android:name="android.intent.action.MAIN" />
68-->src\main\AndroidManifest.xml:26:17-69
68-->src\main\AndroidManifest.xml:26:25-66
69
70                <category android:name="android.intent.category.LAUNCHER" />
70-->src\main\AndroidManifest.xml:28:17-77
70-->src\main\AndroidManifest.xml:28:27-74
71            </intent-filter>
72        </activity>
73    </application>
74
75</manifest>